[25-Oct-2024 19:36:51 UTC] PHP Notice:  Undefined index: username in C:\xampp\htdocs\Codenimo-login\wp-content\themes\Codenimo Theme\functions.php on line 168
[25-Oct-2024 19:36:51 UTC] PHP Notice:  Undefined index: password in C:\xampp\htdocs\Codenimo-login\wp-content\themes\Codenimo Theme\functions.php on line 170
[25-Oct-2024 19:36:51 UTC] PHP Notice:  Undefined index: confirm_password in C:\xampp\htdocs\Codenimo-login\wp-content\themes\Codenimo Theme\functions.php on line 171
[25-Oct-2024 19:37:34 UTC] PHP Fatal error:  Cannot redeclare restrict_dashboard_access() (previously declared in C:\xampp\htdocs\Codenimo-login\wp-content\themes\Codenimo Theme\functions.php:110) in C:\xampp\htdocs\Codenimo-login\wp-content\themes\Codenimo Theme\functions.php on line 533
[25-Oct-2024 19:37:34 UTC] PHP Notice:  Trying to access array offset on value of type bool in C:\xampp\htdocs\Codenimo-login\wp-includes\class-wp-recovery-mode-email-service.php on line 367
[25-Oct-2024 19:37:34 UTC] PHP Notice:  Trying to access array offset on value of type bool in C:\xampp\htdocs\Codenimo-login\wp-includes\class-wp-recovery-mode-email-service.php on line 368
[25-Oct-2024 19:37:39 UTC] PHP Fatal error:  Cannot redeclare restrict_dashboard_access() (previously declared in C:\xampp\htdocs\Codenimo-login\wp-content\themes\Codenimo Theme\functions.php:110) in C:\xampp\htdocs\Codenimo-login\wp-content\themes\Codenimo Theme\functions.php on line 533
[25-Oct-2024 19:37:45 UTC] PHP Fatal error:  Cannot redeclare restrict_dashboard_access() (previously declared in C:\xampp\htdocs\Codenimo-login\wp-content\themes\Codenimo Theme\functions.php:110) in C:\xampp\htdocs\Codenimo-login\wp-content\themes\Codenimo Theme\functions.php on line 533
[25-Oct-2024 19:37:52 UTC] PHP Fatal error:  Cannot redeclare restrict_dashboard_access() (previously declared in C:\xampp\htdocs\Codenimo-login\wp-content\themes\Codenimo Theme\functions.php:110) in C:\xampp\htdocs\Codenimo-login\wp-content\themes\Codenimo Theme\functions.php on line 533
[25-Oct-2024 19:37:55 UTC] PHP Fatal error:  Cannot redeclare restrict_dashboard_access() (previously declared in C:\xampp\htdocs\Codenimo-login\wp-content\themes\Codenimo Theme\functions.php:110) in C:\xampp\htdocs\Codenimo-login\wp-content\themes\Codenimo Theme\functions.php on line 533
[25-Oct-2024 19:37:57 UTC] PHP Fatal error:  Cannot redeclare restrict_dashboard_access() (previously declared in C:\xampp\htdocs\Codenimo-login\wp-content\themes\Codenimo Theme\functions.php:110) in C:\xampp\htdocs\Codenimo-login\wp-content\themes\Codenimo Theme\functions.php on line 533
[25-Oct-2024 19:38:13 UTC] PHP Fatal error:  Cannot redeclare restrict_dashboard_access() (previously declared in C:\xampp\htdocs\Codenimo-login\wp-content\themes\Codenimo Theme\functions.php:110) in C:\xampp\htdocs\Codenimo-login\wp-content\themes\Codenimo Theme\functions.php on line 533
[25-Oct-2024 19:38:21 UTC] PHP Fatal error:  Cannot redeclare restrict_dashboard_access() (previously declared in C:\xampp\htdocs\Codenimo-login\wp-content\themes\Codenimo Theme\functions.php:110) in C:\xampp\htdocs\Codenimo-login\wp-content\themes\Codenimo Theme\functions.php on line 533
[25-Oct-2024 19:38:36 UTC] PHP Fatal error:  Cannot redeclare restrict_dashboard_access() (previously declared in C:\xampp\htdocs\Codenimo-login\wp-content\themes\Codenimo Theme\functions.php:110) in C:\xampp\htdocs\Codenimo-login\wp-content\themes\Codenimo Theme\functions.php on line 533
[25-Oct-2024 19:38:45 UTC] PHP Fatal error:  Cannot redeclare restrict_dashboard_access() (previously declared in C:\xampp\htdocs\Codenimo-login\wp-content\themes\Codenimo Theme\functions.php:110) in C:\xampp\htdocs\Codenimo-login\wp-content\themes\Codenimo Theme\functions.php on line 533
[25-Oct-2024 19:39:32 UTC] PHP Fatal error:  Cannot redeclare restrict_dashboard_access() (previously declared in C:\xampp\htdocs\Codenimo-login\wp-content\themes\Codenimo Theme\functions.php:110) in C:\xampp\htdocs\Codenimo-login\wp-content\themes\Codenimo Theme\functions.php on line 533
[25-Oct-2024 19:39:32 UTC] PHP Fatal error:  Cannot redeclare restrict_dashboard_access() (previously declared in C:\xampp\htdocs\Codenimo-login\wp-content\themes\Codenimo Theme\functions.php:110) in C:\xampp\htdocs\Codenimo-login\wp-content\themes\Codenimo Theme\functions.php on line 533
[25-Oct-2024 19:39:34 UTC] PHP Fatal error:  Cannot redeclare restrict_dashboard_access() (previously declared in C:\xampp\htdocs\Codenimo-login\wp-content\themes\Codenimo Theme\functions.php:110) in C:\xampp\htdocs\Codenimo-login\wp-content\themes\Codenimo Theme\functions.php on line 533
[28-Oct-2024 12:01:23 UTC] Automatic updates starting...
[28-Oct-2024 12:01:25 UTC] Automatic updates complete.
[28-Oct-2024 12:10:02 UTC] PHP Notice:  Undefined variable: homepage_css_file in C:\xampp\htdocs\Codenimo-login\wp-content\themes\Codenimo Theme\functions.php on line 24
[31-Oct-2024 10:36:42 UTC] Automatic updates starting...
[31-Oct-2024 10:36:44 UTC] Automatic updates complete.
[31-Oct-2024 10:38:02 UTC] PHP Notice:  Undefined index: username in C:\xampp\htdocs\Codenimo-login\wp-content\themes\Codenimo Theme\functions.php on line 172
[31-Oct-2024 10:38:02 UTC] PHP Notice:  Undefined index: password in C:\xampp\htdocs\Codenimo-login\wp-content\themes\Codenimo Theme\functions.php on line 174
[31-Oct-2024 10:38:02 UTC] PHP Notice:  Undefined index: confirm_password in C:\xampp\htdocs\Codenimo-login\wp-content\themes\Codenimo Theme\functions.php on line 175
[31-Oct-2024 10:39:47 UTC] PHP Notice:  Undefined variable: homepage_css_file in C:\xampp\htdocs\Codenimo-login\wp-content\themes\Codenimo Theme\functions.php on line 24
[31-Oct-2024 10:39:58 UTC] PHP Notice:  Undefined variable: homepage_css_file in C:\xampp\htdocs\Codenimo-login\wp-content\themes\Codenimo Theme\functions.php on line 24
[31-Oct-2024 10:45:41 UTC] PHP Notice:  Undefined variable: homepage_css_file in C:\xampp\htdocs\Codenimo-login\wp-content\themes\Codenimo Theme\functions.php on line 24
[31-Oct-2024 10:45:50 UTC] PHP Notice:  Undefined variable: homepage_css_file in C:\xampp\htdocs\Codenimo-login\wp-content\themes\Codenimo Theme\functions.php on line 24
[31-Oct-2024 10:45:51 UTC] PHP Notice:  Undefined variable: homepage_css_file in C:\xampp\htdocs\Codenimo-login\wp-content\themes\Codenimo Theme\functions.php on line 24
[01-Nov-2024 12:36:56 UTC] Automatic updates starting...
[01-Nov-2024 12:36:58 UTC] Automatic updates complete.
[01-Nov-2024 15:28:15 UTC] Automatic updates starting...
[01-Nov-2024 15:28:16 UTC] Automatic updates complete.
[01-Nov-2024 15:54:25 UTC] PHP Notice:  Trying to get property 'id' of non-object in C:\xampp\htdocs\Codenimo-login\wp-content\themes\Codenimo Theme\functions.php on line 125
[01-Nov-2024 15:54:25 UTC] PHP Notice:  Trying to get property 'id' of non-object in C:\xampp\htdocs\Codenimo-login\wp-content\themes\Codenimo Theme\functions.php on line 125
[01-Nov-2024 15:54:41 UTC] PHP Notice:  Trying to get property 'id' of non-object in C:\xampp\htdocs\Codenimo-login\wp-content\themes\Codenimo Theme\functions.php on line 125
[01-Nov-2024 15:54:41 UTC] PHP Notice:  Trying to get property 'id' of non-object in C:\xampp\htdocs\Codenimo-login\wp-content\themes\Codenimo Theme\functions.php on line 125
[01-Nov-2024 15:54:43 UTC] PHP Notice:  Trying to get property 'id' of non-object in C:\xampp\htdocs\Codenimo-login\wp-content\themes\Codenimo Theme\functions.php on line 125
[01-Nov-2024 15:54:43 UTC] PHP Notice:  Trying to get property 'id' of non-object in C:\xampp\htdocs\Codenimo-login\wp-content\themes\Codenimo Theme\functions.php on line 125
[01-Nov-2024 16:15:51 UTC] PHP Notice:  Undefined variable: homepage_css_file in C:\xampp\htdocs\Codenimo-login\wp-content\themes\Codenimo Theme\functions.php on line 24
